LISTENING ON PORT  3000

STARTING SVC ... 
GOT WHITELIST ... 
GOT STREAM ... 
GOT LIGHTS ... 
STARTING HUE TWITTER STREAM ~~~ 

SETTING RANDOM TIMER
RANDOM COLOR
HANDLING TWEET ! random

USING RANDOM

ADDING RANDOM COLOR  indigo
ADDING RANDOM COLOR  green
ADDING RANDOM COLOR  orchid
CHANGING LIGHT  [  1  ]
CHANGING LIGHT  [  2  ]
CHANGING LIGHT  [  3  ]
CHANGING LIGHT  [  4  ]
CHANGING LIGHT  [  5  ]
CHANGING LIGHT  [  6  ]
CHANGING LIGHT  [  7  ]
CHANGING LIGHT  [  9  ]
CHANGING LIGHT  [  10  ]
CHANGING LIGHT  [  11  ]
CHANGING LIGHT  [  12  ]
CHANGING LIGHT  [  13  ]
CHANGING LIGHT  [  14  ]

RANDOM COLOR
HANDLING TWEET ! random

USING RANDOM

ADDING RANDOM COLOR  orchid
ADDING RANDOM COLOR  gold
ADDING RANDOM COLOR  teal
ADDING RANDOM COLOR  pink
ADDING RANDOM COLOR  tomato
CHANGING LIGHT  [  1  ]
CHANGING LIGHT  [  2  ]
CHANGING LIGHT  [  3  ]
CHANGING LIGHT  [  4  ]
CHANGING LIGHT  [  5  ]
CHANGING LIGHT  [  6  ]
CHANGING LIGHT  [  7  ]
CHANGING LIGHT  [  9  ]
CHANGING LIGHT  [  10  ]
CHANGING LIGHT  [  11  ]
CHANGING LIGHT  [  12  ]
CHANGING LIGHT  [  13  ]
CHANGING LIGHT  [  14  ]

HANDLING TWEET ! @irlights rainbow

RANDOM COLOR
HANDLING TWEET ! random

USING RANDOM

ADDING RANDOM COLOR  plum
ADDING RANDOM COLOR  green
ADDING RANDOM COLOR  chocolate
ADDING RANDOM COLOR  coral
ADDING RANDOM COLOR  green
CHANGING LIGHT  [  1  ]
CHANGING LIGHT  [  2  ]
CHANGING LIGHT  [  3  ]
CHANGING LIGHT  [  4  ]
CHANGING LIGHT  [  5  ]
CHANGING LIGHT  [  6  ]
CHANGING LIGHT  [  7  ]
CHANGING LIGHT  [  9  ]
CHANGING LIGHT  [  10  ]
CHANGING LIGHT  [  11  ]
CHANGING LIGHT  [  12  ]
CHANGING LIGHT  [  13  ]
CHANGING LIGHT  [  14  ]

RANDOM COLOR
HANDLING TWEET ! random

USING RANDOM

ADDING RANDOM COLOR  tomato
ADDING RANDOM COLOR  olive
ADDING RANDOM COLOR  olive
CHANGING LIGHT  [  1  ]
CHANGING LIGHT  [  2  ]
CHANGING LIGHT  [  3  ]
CHANGING LIGHT  [  4  ]
CHANGING LIGHT  [  5  ]
CHANGING LIGHT  [  6  ]
CHANGING LIGHT  [  7  ]
CHANGING LIGHT  [  9  ]
CHANGING LIGHT  [  10  ]
CHANGING LIGHT  [  11  ]
CHANGING LIGHT  [  12  ]
CHANGING LIGHT  [  13  ]
CHANGING LIGHT  [  14  ]

RANDOM COLOR
HANDLING TWEET ! random

USING RANDOM

ADDING RANDOM COLOR  teal
ADDING RANDOM COLOR  magenta
ADDING RANDOM COLOR  chocolate
ADDING RANDOM COLOR  orange
ADDING RANDOM COLOR  teal
CHANGING LIGHT  [  1  ]
CHANGING LIGHT  [  2  ]
CHANGING LIGHT  [  3  ]
CHANGING LIGHT  [  4  ]
CHANGING LIGHT  [  5  ]
CHANGING LIGHT  [  6  ]
CHANGING LIGHT  [  7  ]
CHANGING LIGHT  [  9  ]
CHANGING LIGHT  [  10  ]
CHANGING LIGHT  [  11  ]
CHANGING LIGHT  [  12  ]
CHANGING LIGHT  [  13  ]
CHANGING LIGHT  [  14  ]

RANDOM COLOR
HANDLING TWEET ! random

USING RANDOM

ADDING RANDOM COLOR  white
ADDING RANDOM COLOR  fuchsia
CHANGING LIGHT  [  1  ]
CHANGING LIGHT  [  2  ]
CHANGING LIGHT  [  3  ]
CHANGING LIGHT  [  4  ]
CHANGING LIGHT  [  5  ]
CHANGING LIGHT  [  6  ]
CHANGING LIGHT  [  7  ]
CHANGING LIGHT  [  9  ]
CHANGING LIGHT  [  10  ]
CHANGING LIGHT  [  11  ]
CHANGING LIGHT  [  12  ]
CHANGING LIGHT  [  13  ]
CHANGING LIGHT  [  14  ]

